21-Dec-2018 00:24:13.237 信息 [main] org.apache.catalina.startup.VersionLoggerListener.log Server version:        Apache Tomcat/8.5.35
21-Dec-2018 00:24:13.253 信息 [main] org.apache.catalina.startup.VersionLoggerListener.log Server built:          Nov 3 2018 17:39:20 UTC
21-Dec-2018 00:24:13.253 信息 [main] org.apache.catalina.startup.VersionLoggerListener.log Server number:         8.5.35.0
21-Dec-2018 00:24:13.253 信息 [main] org.apache.catalina.startup.VersionLoggerListener.log OS Name:               Windows Server 2008 R2
21-Dec-2018 00:24:13.253 信息 [main] org.apache.catalina.startup.VersionLoggerListener.log OS Version:            6.1
21-Dec-2018 00:24:13.253 信息 [main] org.apache.catalina.startup.VersionLoggerListener.log Architecture:          amd64
21-Dec-2018 00:24:13.253 信息 [main] org.apache.catalina.startup.VersionLoggerListener.log Java Home:             C:\Program Files\Java\jdk1.8.0_191\jre
21-Dec-2018 00:24:13.253 信息 [main] org.apache.catalina.startup.VersionLoggerListener.log JVM Version:           1.8.0_191-b12
21-Dec-2018 00:24:13.269 信息 [main] org.apache.catalina.startup.VersionLoggerListener.log JVM Vendor:            Oracle Corporation
21-Dec-2018 00:24:13.269 信息 [main] org.apache.catalina.startup.VersionLoggerListener.log CATALINA_BASE:         C:\apache-tomcat-8.5.35
21-Dec-2018 00:24:13.269 信息 [main] org.apache.catalina.startup.VersionLoggerListener.log CATALINA_HOME:         C:\apache-tomcat-8.5.35
21-Dec-2018 00:24:13.269 信息 [main] org.apache.catalina.startup.VersionLoggerListener.log Command line argument: -Djava.util.logging.config.file=C:\apache-tomcat-8.5.35\conf\logging.properties
21-Dec-2018 00:24:13.269 信息 [main] org.apache.catalina.startup.VersionLoggerListener.log Command line argument: -Djava.util.logging.manager=org.apache.juli.ClassLoaderLogManager
21-Dec-2018 00:24:13.269 信息 [main] org.apache.catalina.startup.VersionLoggerListener.log Command line argument: -Djdk.tls.ephemeralDHKeySize=2048
21-Dec-2018 00:24:13.269 信息 [main] org.apache.catalina.startup.VersionLoggerListener.log Command line argument: -Djava.protocol.handler.pkgs=org.apache.catalina.webresources
21-Dec-2018 00:24:13.269 信息 [main] org.apache.catalina.startup.VersionLoggerListener.log Command line argument: -Dignore.endorsed.dirs=
21-Dec-2018 00:24:13.269 信息 [main] org.apache.catalina.startup.VersionLoggerListener.log Command line argument: -Dcatalina.base=C:\apache-tomcat-8.5.35
21-Dec-2018 00:24:13.269 信息 [main] org.apache.catalina.startup.VersionLoggerListener.log Command line argument: -Dcatalina.home=C:\apache-tomcat-8.5.35
21-Dec-2018 00:24:13.269 信息 [main] org.apache.catalina.startup.VersionLoggerListener.log Command line argument: -Djava.io.tmpdir=C:\apache-tomcat-8.5.35\temp
21-Dec-2018 00:24:13.269 信息 [main] org.apache.catalina.core.AprLifecycleListener.lifecycleEvent Loaded APR based Apache Tomcat Native library [1.2.18] using APR version [1.6.5].
21-Dec-2018 00:24:13.269 信息 [main] org.apache.catalina.core.AprLifecycleListener.lifecycleEvent APR capabilities: IPv6 [true], sendfile [true], accept filters [false], random [true].
21-Dec-2018 00:24:13.284 信息 [main] org.apache.catalina.core.AprLifecycleListener.lifecycleEvent APR/OpenSSL configuration: useAprConnector [false], useOpenSSL [true]
21-Dec-2018 00:24:13.331 信息 [main] org.apache.catalina.core.AprLifecycleListener.initializeSSL OpenSSL successfully initialized [OpenSSL 1.1.1  11 Sep 2018]
21-Dec-2018 00:24:13.690 信息 [main] org.apache.coyote.AbstractProtocol.init Initializing ProtocolHandler ["http-nio-8080"]
21-Dec-2018 00:24:13.909 信息 [main] org.apache.tomcat.util.net.NioSelectorPool.getSharedSelector Using a shared selector for servlet write/read
21-Dec-2018 00:24:13.925 信息 [main] org.apache.coyote.AbstractProtocol.init Initializing ProtocolHandler ["https-openssl-nio-443"]
21-Dec-2018 00:24:14.331 信息 [main] org.apache.tomcat.util.net.NioSelectorPool.getSharedSelector Using a shared selector for servlet write/read
21-Dec-2018 00:24:14.347 信息 [main] org.apache.coyote.AbstractProtocol.init Initializing ProtocolHandler ["ajp-nio-8009"]
21-Dec-2018 00:24:14.347 信息 [main] org.apache.tomcat.util.net.NioSelectorPool.getSharedSelector Using a shared selector for servlet write/read
21-Dec-2018 00:24:14.347 信息 [main] org.apache.catalina.startup.Catalina.load Initialization processed in 1887 ms
21-Dec-2018 00:24:14.394 信息 [main] org.apache.catalina.core.StandardService.startInternal Starting service [Catalina]
21-Dec-2018 00:24:14.394 信息 [main] org.apache.catalina.core.StandardEngine.startInternal Starting Servlet Engine: Apache Tomcat/8.5.35
21-Dec-2018 00:24:14.409 信息 [localhost-startStop-1] org.apache.catalina.startup.HostConfig.deployDirectory Deploying web application directory [C:\apache-tomcat-8.5.35\webapps\docs]
21-Dec-2018 00:24:14.862 信息 [localhost-startStop-1] org.apache.catalina.startup.HostConfig.deployDirectory Deployment of web application directory [C:\apache-tomcat-8.5.35\webapps\docs] has finished in [453] ms
21-Dec-2018 00:24:14.862 信息 [localhost-startStop-1] org.apache.catalina.startup.HostConfig.deployDirectory Deploying web application directory [C:\apache-tomcat-8.5.35\webapps\examples]
21-Dec-2018 00:24:15.644 信息 [localhost-startStop-1] org.apache.catalina.startup.HostConfig.deployDirectory Deployment of web application directory [C:\apache-tomcat-8.5.35\webapps\examples] has finished in [782] ms
21-Dec-2018 00:24:15.644 信息 [localhost-startStop-1] org.apache.catalina.startup.HostConfig.deployDirectory Deploying web application directory [C:\apache-tomcat-8.5.35\webapps\host-manager]
21-Dec-2018 00:24:15.690 信息 [localhost-startStop-1] org.apache.catalina.startup.HostConfig.deployDirectory Deployment of web application directory [C:\apache-tomcat-8.5.35\webapps\host-manager] has finished in [46] ms
21-Dec-2018 00:24:15.690 信息 [localhost-startStop-1] org.apache.catalina.startup.HostConfig.deployDirectory Deploying web application directory [C:\apache-tomcat-8.5.35\webapps\manager]
21-Dec-2018 00:24:15.737 信息 [localhost-startStop-1] org.apache.catalina.startup.HostConfig.deployDirectory Deployment of web application directory [C:\apache-tomcat-8.5.35\webapps\manager] has finished in [47] ms
21-Dec-2018 00:24:15.737 信息 [localhost-startStop-1] org.apache.catalina.startup.HostConfig.deployDirectory Deploying web application directory [C:\apache-tomcat-8.5.35\webapps\PqsRest]
21-Dec-2018 00:24:16.347 信息 [localhost-startStop-1] org.apache.jasper.servlet.TldScanner.scanJars At least one JAR was scanned for TLDs yet contained no TLDs. Enable debug logging for this logger for a complete list of JARs that were scanned but no TLDs were found in them. Skipping unneeded JARs during scanning can improve startup time and JSP compilation time.
21-Dec-2018 00:24:16.362 信息 [localhost-startStop-1] com.sun.jersey.api.core.PackagesResourceConfig.init Scanning for root resource and provider classes in the packages:
  com.eviac.blog.restws
21-Dec-2018 00:24:16.394 信息 [localhost-startStop-1] com.sun.jersey.api.core.ScanningResourceConfig.logClasses Root resource classes found:
  class com.eviac.blog.restws.UserInfo
21-Dec-2018 00:24:16.394 信息 [localhost-startStop-1] com.sun.jersey.api.core.ScanningResourceConfig.init No provider classes found.
21-Dec-2018 00:24:16.472 信息 [localhost-startStop-1] com.sun.jersey.server.impl.application.WebApplicationImpl._initiate Initiating Jersey application, version 'Jersey: 1.19.4 05/24/2017 03:20 PM'
21-Dec-2018 00:24:17.206 信息 [localhost-startStop-1] org.apache.catalina.startup.HostConfig.deployDirectory Deployment of web application directory [C:\apache-tomcat-8.5.35\webapps\PqsRest] has finished in [1,469] ms
21-Dec-2018 00:24:17.206 信息 [localhost-startStop-1] org.apache.catalina.startup.HostConfig.deployDirectory Deploying web application directory [C:\apache-tomcat-8.5.35\webapps\ROOT]
21-Dec-2018 00:24:17.222 信息 [localhost-startStop-1] org.apache.catalina.startup.HostConfig.deployDirectory Deployment of web application directory [C:\apache-tomcat-8.5.35\webapps\ROOT] has finished in [16] ms
21-Dec-2018 00:24:17.237 信息 [main] org.apache.coyote.AbstractProtocol.start Starting ProtocolHandler ["http-nio-8080"]
21-Dec-2018 00:24:17.253 信息 [main] org.apache.coyote.AbstractProtocol.start Starting ProtocolHandler ["https-openssl-nio-443"]
21-Dec-2018 00:24:17.253 信息 [main] org.apache.coyote.AbstractProtocol.start Starting ProtocolHandler ["ajp-nio-8009"]
21-Dec-2018 00:24:17.253 信息 [main] org.apache.catalina.startup.Catalina.start Server startup in 2910 ms
