15-Dec-2018 10:38:40.232 严重 [https-openssl-nio-443-exec-3] com.sun.jersey.spi.container.ContainerResponse.mapMappableContainerException The exception contained within MappableContainerException could not be mapped to a response, re-throwing to the HTTP container
 org.json.JSONException: JSONObject["NattierSeaSensor"] not found.
	at org.json.JSONObject.get(JSONObject.java:518)
	at org.json.JSONObject.getString(JSONObject.java:689)
	at com.eviac.blog.restws.UserInfo.subscriber7(UserInfo.java:118)
	at sun.reflect.GeneratedMethodAccessor48.invoke(Unknown Source)
	at sun.reflect.DelegatingMethodAccessorImpl.invoke(DelegatingMethodAccessorImpl.java:43)
	at java.lang.reflect.Method.invoke(Method.java:498)
	at com.sun.jersey.spi.container.JavaMethodInvokerFactory$1.invoke(JavaMethodInvokerFactory.java:60)
	at com.sun.jersey.server.impl.model.method.dispatch.AbstractResourceMethodDispatchProvider$TypeOutInvoker._dispatch(AbstractResourceMethodDispatchProvider.java:185)
	at com.sun.jersey.server.impl.model.method.dispatch.ResourceJavaMethodDispatcher.dispatch(ResourceJavaMethodDispatcher.java:75)
	at com.sun.jersey.server.impl.uri.rules.HttpMethodRule.accept(HttpMethodRule.java:302)
	at com.sun.jersey.server.impl.uri.rules.RightHandPathRule.accept(RightHandPathRule.java:147)
	at com.sun.jersey.server.impl.uri.rules.ResourceClassRule.accept(ResourceClassRule.java:108)
	at com.sun.jersey.server.impl.uri.rules.RightHandPathRule.accept(RightHandPathRule.java:147)
	at com.sun.jersey.server.impl.uri.rules.RootResourceClassesRule.accept(RootResourceClassesRule.java:84)
	at com.sun.jersey.server.impl.application.WebApplicationImpl._handleRequest(WebApplicationImpl.java:1542)
	at com.sun.jersey.server.impl.application.WebApplicationImpl._handleRequest(WebApplicationImpl.java:1473)
	at com.sun.jersey.server.impl.application.WebApplicationImpl.handleRequest(WebApplicationImpl.java:1419)
	at com.sun.jersey.server.impl.application.WebApplicationImpl.handleRequest(WebApplicationImpl.java:1409)
	at com.sun.jersey.spi.container.servlet.WebComponent.service(WebComponent.java:409)
	at com.sun.jersey.spi.container.servlet.ServletContainer.service(ServletContainer.java:558)
	at com.sun.jersey.spi.container.servlet.ServletContainer.service(ServletContainer.java:733)
	at javax.servlet.http.HttpServlet.service(HttpServlet.java:742)
	at org.apache.catalina.core.ApplicationFilterChain.internalDoFilter(ApplicationFilterChain.java:231)
	at org.apache.catalina.core.ApplicationFilterChain.doFilter(ApplicationFilterChain.java:166)
	at org.apache.tomcat.websocket.server.WsFilter.doFilter(WsFilter.java:52)
	at org.apache.catalina.core.ApplicationFilterChain.internalDoFilter(ApplicationFilterChain.java:193)
	at org.apache.catalina.core.ApplicationFilterChain.doFilter(ApplicationFilterChain.java:166)
	at org.apache.catalina.core.StandardWrapperValve.invoke(StandardWrapperValve.java:198)
	at org.apache.catalina.core.StandardContextValve.invoke(StandardContextValve.java:96)
	at org.apache.catalina.authenticator.AuthenticatorBase.invoke(AuthenticatorBase.java:493)
	at org.apache.catalina.core.StandardHostValve.invoke(StandardHostValve.java:140)
	at org.apache.catalina.valves.ErrorReportValve.invoke(ErrorReportValve.java:81)
	at org.apache.catalina.valves.AbstractAccessLogValve.invoke(AbstractAccessLogValve.java:650)
	at org.apache.catalina.core.StandardEngineValve.invoke(StandardEngineValve.java:87)
	at org.apache.catalina.connector.CoyoteAdapter.service(CoyoteAdapter.java:342)
	at org.apache.coyote.http11.Http11Processor.service(Http11Processor.java:800)
	at org.apache.coyote.AbstractProcessorLight.process(AbstractProcessorLight.java:66)
	at org.apache.coyote.AbstractProtocol$ConnectionHandler.process(AbstractProtocol.java:806)
	at org.apache.tomcat.util.net.NioEndpoint$SocketProcessor.doRun(NioEndpoint.java:1498)
	at org.apache.tomcat.util.net.SocketProcessorBase.run(SocketProcessorBase.java:49)
	at java.util.concurrent.ThreadPoolExecutor.runWorker(ThreadPoolExecutor.java:1149)
	at java.util.concurrent.ThreadPoolExecutor$Worker.run(ThreadPoolExecutor.java:624)
	at org.apache.tomcat.util.threads.TaskThread$WrappingRunnable.run(TaskThread.java:61)
	at java.lang.Thread.run(Thread.java:748)

15-Dec-2018 10:38:55.920 信息 [main] org.apache.catalina.startup.VersionLoggerListener.log Server version:        Apache Tomcat/8.5.35
15-Dec-2018 10:38:55.935 信息 [main] org.apache.catalina.startup.VersionLoggerListener.log Server built:          Nov 3 2018 17:39:20 UTC
15-Dec-2018 10:38:55.935 信息 [main] org.apache.catalina.startup.VersionLoggerListener.log Server number:         8.5.35.0
15-Dec-2018 10:38:55.935 信息 [main] org.apache.catalina.startup.VersionLoggerListener.log OS Name:               Windows Server 2008 R2
15-Dec-2018 10:38:55.935 信息 [main] org.apache.catalina.startup.VersionLoggerListener.log OS Version:            6.1
15-Dec-2018 10:38:55.935 信息 [main] org.apache.catalina.startup.VersionLoggerListener.log Architecture:          amd64
15-Dec-2018 10:38:55.935 信息 [main] org.apache.catalina.startup.VersionLoggerListener.log Java Home:             C:\Program Files\Java\jdk1.8.0_191\jre
15-Dec-2018 10:38:55.935 信息 [main] org.apache.catalina.startup.VersionLoggerListener.log JVM Version:           1.8.0_191-b12
15-Dec-2018 10:38:55.935 信息 [main] org.apache.catalina.startup.VersionLoggerListener.log JVM Vendor:            Oracle Corporation
15-Dec-2018 10:38:55.935 信息 [main] org.apache.catalina.startup.VersionLoggerListener.log CATALINA_BASE:         C:\apache-tomcat-8.5.35
15-Dec-2018 10:38:55.935 信息 [main] org.apache.catalina.startup.VersionLoggerListener.log CATALINA_HOME:         C:\apache-tomcat-8.5.35
15-Dec-2018 10:38:55.935 信息 [main] org.apache.catalina.startup.VersionLoggerListener.log Command line argument: -Djava.util.logging.config.file=C:\apache-tomcat-8.5.35\conf\logging.properties
15-Dec-2018 10:38:55.935 信息 [main] org.apache.catalina.startup.VersionLoggerListener.log Command line argument: -Djava.util.logging.manager=org.apache.juli.ClassLoaderLogManager
15-Dec-2018 10:38:55.935 信息 [main] org.apache.catalina.startup.VersionLoggerListener.log Command line argument: -Djdk.tls.ephemeralDHKeySize=2048
15-Dec-2018 10:38:55.935 信息 [main] org.apache.catalina.startup.VersionLoggerListener.log Command line argument: -Djava.protocol.handler.pkgs=org.apache.catalina.webresources
15-Dec-2018 10:38:55.935 信息 [main] org.apache.catalina.startup.VersionLoggerListener.log Command line argument: -Dignore.endorsed.dirs=
15-Dec-2018 10:38:55.935 信息 [main] org.apache.catalina.startup.VersionLoggerListener.log Command line argument: -Dcatalina.base=C:\apache-tomcat-8.5.35
15-Dec-2018 10:38:55.935 信息 [main] org.apache.catalina.startup.VersionLoggerListener.log Command line argument: -Dcatalina.home=C:\apache-tomcat-8.5.35
15-Dec-2018 10:38:55.935 信息 [main] org.apache.catalina.startup.VersionLoggerListener.log Command line argument: -Djava.io.tmpdir=C:\apache-tomcat-8.5.35\temp
15-Dec-2018 10:38:55.935 信息 [main] org.apache.catalina.core.AprLifecycleListener.lifecycleEvent Loaded APR based Apache Tomcat Native library [1.2.18] using APR version [1.6.5].
15-Dec-2018 10:38:55.935 信息 [main] org.apache.catalina.core.AprLifecycleListener.lifecycleEvent APR capabilities: IPv6 [true], sendfile [true], accept filters [false], random [true].
15-Dec-2018 10:38:55.951 信息 [main] org.apache.catalina.core.AprLifecycleListener.lifecycleEvent APR/OpenSSL configuration: useAprConnector [false], useOpenSSL [true]
15-Dec-2018 10:38:55.951 信息 [main] org.apache.catalina.core.AprLifecycleListener.initializeSSL OpenSSL successfully initialized [OpenSSL 1.1.1  11 Sep 2018]
15-Dec-2018 10:38:56.107 信息 [main] org.apache.coyote.AbstractProtocol.init Initializing ProtocolHandler ["http-nio-8080"]
15-Dec-2018 10:38:56.248 信息 [main] org.apache.tomcat.util.net.NioSelectorPool.getSharedSelector Using a shared selector for servlet write/read
15-Dec-2018 10:38:56.248 信息 [main] org.apache.coyote.AbstractProtocol.init Initializing ProtocolHandler ["https-openssl-nio-443"]
15-Dec-2018 10:38:56.451 信息 [main] org.apache.tomcat.util.net.NioSelectorPool.getSharedSelector Using a shared selector for servlet write/read
15-Dec-2018 10:38:56.451 信息 [main] org.apache.coyote.AbstractProtocol.init Initializing ProtocolHandler ["ajp-nio-8009"]
15-Dec-2018 10:38:56.467 信息 [main] org.apache.tomcat.util.net.NioSelectorPool.getSharedSelector Using a shared selector for servlet write/read
15-Dec-2018 10:38:56.467 信息 [main] org.apache.catalina.startup.Catalina.load Initialization processed in 970 ms
15-Dec-2018 10:38:56.482 信息 [main] org.apache.catalina.core.StandardService.startInternal Starting service [Catalina]
15-Dec-2018 10:38:56.482 信息 [main] org.apache.catalina.core.StandardEngine.startInternal Starting Servlet Engine: Apache Tomcat/8.5.35
15-Dec-2018 10:38:56.498 信息 [localhost-startStop-1] org.apache.catalina.startup.HostConfig.deployDirectory Deploying web application directory [C:\apache-tomcat-8.5.35\webapps\docs]
15-Dec-2018 10:38:56.795 信息 [localhost-startStop-1] org.apache.catalina.startup.HostConfig.deployDirectory Deployment of web application directory [C:\apache-tomcat-8.5.35\webapps\docs] has finished in [297] ms
15-Dec-2018 10:38:56.795 信息 [localhost-startStop-1] org.apache.catalina.startup.HostConfig.deployDirectory Deploying web application directory [C:\apache-tomcat-8.5.35\webapps\examples]
15-Dec-2018 10:38:57.389 信息 [localhost-startStop-1] org.apache.catalina.startup.HostConfig.deployDirectory Deployment of web application directory [C:\apache-tomcat-8.5.35\webapps\examples] has finished in [594] ms
15-Dec-2018 10:38:57.389 信息 [localhost-startStop-1] org.apache.catalina.startup.HostConfig.deployDirectory Deploying web application directory [C:\apache-tomcat-8.5.35\webapps\host-manager]
15-Dec-2018 10:38:57.420 信息 [localhost-startStop-1] org.apache.catalina.startup.HostConfig.deployDirectory Deployment of web application directory [C:\apache-tomcat-8.5.35\webapps\host-manager] has finished in [31] ms
15-Dec-2018 10:38:57.420 信息 [localhost-startStop-1] org.apache.catalina.startup.HostConfig.deployDirectory Deploying web application directory [C:\apache-tomcat-8.5.35\webapps\manager]
15-Dec-2018 10:38:57.451 信息 [localhost-startStop-1] org.apache.catalina.startup.HostConfig.deployDirectory Deployment of web application directory [C:\apache-tomcat-8.5.35\webapps\manager] has finished in [31] ms
15-Dec-2018 10:38:57.451 信息 [localhost-startStop-1] org.apache.catalina.startup.HostConfig.deployDirectory Deploying web application directory [C:\apache-tomcat-8.5.35\webapps\PqsRest]
15-Dec-2018 10:38:57.842 信息 [localhost-startStop-1] org.apache.jasper.servlet.TldScanner.scanJars At least one JAR was scanned for TLDs yet contained no TLDs. Enable debug logging for this logger for a complete list of JARs that were scanned but no TLDs were found in them. Skipping unneeded JARs during scanning can improve startup time and JSP compilation time.
15-Dec-2018 10:38:57.873 信息 [localhost-startStop-1] com.sun.jersey.api.core.PackagesResourceConfig.init Scanning for root resource and provider classes in the packages:
  com.eviac.blog.restws
15-Dec-2018 10:38:57.889 信息 [localhost-startStop-1] com.sun.jersey.api.core.ScanningResourceConfig.logClasses Root resource classes found:
  class com.eviac.blog.restws.UserInfo
15-Dec-2018 10:38:57.904 信息 [localhost-startStop-1] com.sun.jersey.api.core.ScanningResourceConfig.init No provider classes found.
15-Dec-2018 10:38:57.998 信息 [localhost-startStop-1] com.sun.jersey.server.impl.application.WebApplicationImpl._initiate Initiating Jersey application, version 'Jersey: 1.19.4 05/24/2017 03:20 PM'
15-Dec-2018 10:38:58.592 信息 [localhost-startStop-1] org.apache.catalina.startup.HostConfig.deployDirectory Deployment of web application directory [C:\apache-tomcat-8.5.35\webapps\PqsRest] has finished in [1,141] ms
15-Dec-2018 10:38:58.592 信息 [localhost-startStop-1] org.apache.catalina.startup.HostConfig.deployDirectory Deploying web application directory [C:\apache-tomcat-8.5.35\webapps\ROOT]
15-Dec-2018 10:38:58.623 信息 [localhost-startStop-1] org.apache.catalina.startup.HostConfig.deployDirectory Deployment of web application directory [C:\apache-tomcat-8.5.35\webapps\ROOT] has finished in [31] ms
15-Dec-2018 10:38:58.623 信息 [main] org.apache.coyote.AbstractProtocol.start Starting ProtocolHandler ["http-nio-8080"]
15-Dec-2018 10:38:58.639 信息 [main] org.apache.coyote.AbstractProtocol.start Starting ProtocolHandler ["https-openssl-nio-443"]
15-Dec-2018 10:38:58.639 信息 [main] org.apache.coyote.AbstractProtocol.start Starting ProtocolHandler ["ajp-nio-8009"]
15-Dec-2018 10:38:58.654 信息 [main] org.apache.catalina.startup.Catalina.start Server startup in 2186 ms
